dbt-fusion 2.0.0-preview.17
   Loading profiles.yml
 Debugging profile: dev
 Debugging dbt version: 2.0.0-preview.17
 Debugging platform: macos aarch64 (unix)
 Debugging adapter type: postgres (remote)
 Debugging dependencies:
  git: OK
 Debugging connection:
  "port": 5432,
  "database": "analytics",
  "schema": "analytics",
  "host": "localhost",
  "user": "analytics"
[0m09:12:56.359436 [debug] [MainThread]: Sending event: {'category': 'dbt', 'action': 'invocation', 'label': 'start', 'context': [<snowplow_tracker.self_describing_json.SelfDescribingJson object at 0x108791280>, <snowplow_tracker.self_describing_json.SelfDescribingJson object at 0x109241f70>, <snowplow_tracker.self_describing_json.SelfDescribingJson object at 0x109241b50>]}


============================== 09:12:56.364512 | f5d05da9-f165-44de-b037-729bd3e39228 ==============================
[0m09:12:56.364512 [info ] [MainThread]: Running with dbt=1.10.11
[0m09:12:56.365098 [debug] [MainThread]: running dbt with arguments {'no_print': 'None', 'send_anonymous_usage_stats': 'True', 'use_experimental_parser': 'False', 'use_colors': 'True', 'profiles_dir': '/Users/matveynelipa/Desktop/IT/Freelance/Marketing_Hub', 'log_cache_events': 'False', 'target_path': 'None', 'introspect': 'True', 'version_check': 'True', 'partial_parse': 'True', 'write_json': 'True', 'warn_error_options': 'WarnErrorOptionsV2(error=[], warn=[], silence=[])', 'log_format': 'default', 'invocation_command': 'dbt debug', 'empty': 'None', 'debug': 'False', 'quiet': 'False', 'printer_width': '80', 'fail_fast': 'False', 'static_parser': 'True', 'cache_selected_only': 'False', 'log_path': '/Users/matveynelipa/Desktop/IT/Freelance/Marketing_Hub/logs', 'indirect_selection': 'eager', 'warn_error': 'None'}
[0m09:12:56.382125 [info ] [MainThread]: dbt version: 1.10.11
[0m09:12:56.382785 [info ] [MainThread]: python version: 3.12.5
[0m09:12:56.383187 [info ] [MainThread]: python path: /Users/matveynelipa/Desktop/IT/Freelance/Marketing_Hub/venv/bin/python3
[0m09:12:56.383480 [info ] [MainThread]: os info: macOS-15.6.1-arm64-arm-64bit
[0m09:12:56.455319 [info ] [MainThread]: Using profiles dir at /Users/matveynelipa/Desktop/IT/Freelance/Marketing_Hub
[0m09:12:56.455754 [info ] [MainThread]: Using profiles.yml file at /Users/matveynelipa/Desktop/IT/Freelance/Marketing_Hub/profiles.yml
[0m09:12:56.456038 [info ] [MainThread]: Using dbt_project.yml file at /Users/matveynelipa/Desktop/IT/Freelance/Marketing_Hub/dbt_project.yml
[0m09:12:56.456552 [info ] [MainThread]: adapter type: postgres
[0m09:12:56.456903 [info ] [MainThread]: adapter version: 1.9.1
[0m09:12:56.552614 [info ] [MainThread]: Configuration:
[0m09:12:56.553088 [info ] [MainThread]:   profiles.yml file [[32mOK found and valid[0m]
[0m09:12:56.553387 [info ] [MainThread]:   dbt_project.yml file [[32mOK found and valid[0m]
[0m09:12:56.553655 [info ] [MainThread]: Required dependencies:
[0m09:12:56.554006 [debug] [MainThread]: Executing "git --help"
[0m09:12:56.574879 [debug] [MainThread]: STDOUT: "b"usage: git [-v | --version] [-h | --help] [-C <path>] [-c <name>=<value>]\n           [--exec-path[=<path>]] [--html-path] [--man-path] [--info-path]\n           [-p | --paginate | -P | --no-pager] [--no-replace-objects] [--no-lazy-fetch]\n           [--no-optional-locks] [--no-advice] [--bare] [--git-dir=<path>]\n           [--work-tree=<path>] [--namespace=<name>] [--config-env=<name>=<envvar>]\n           <command> [<args>]\n\nThese are common Git commands used in various situations:\n\nstart a working area (see also: git help tutorial)\n   clone     Clone a repository into a new directory\n   init      Create an empty Git repository or reinitialize an existing one\n\nwork on the current change (see also: git help everyday)\n   add       Add file contents to the index\n   mv        Move or rename a file, a directory, or a symlink\n   restore   Restore working tree files\n   rm        Remove files from the working tree and from the index\n\nexamine the history and state (see also: git help revisions)\n   bisect    Use binary search to find the commit that introduced a bug\n   diff      Show changes between commits, commit and working tree, etc\n   grep      Print lines matching a pattern\n   log       Show commit logs\n   show      Show various types of objects\n   status    Show the working tree status\n\ngrow, mark and tweak your common history\n   branch    List, create, or delete branches\n   commit    Record changes to the repository\n   merge     Join two or more development histories together\n   rebase    Reapply commits on top of another base tip\n   reset     Reset current HEAD to the specified state\n   switch    Switch branches\n   tag       Create, list, delete or verify a tag object signed with GPG\n\ncollaborate (see also: git help workflows)\n   fetch     Download objects and refs from another repository\n   pull      Fetch from and integrate with another repository or a local branch\n   push      Update remote refs along with associated objects\n\n'git help -a' and 'git help -g' list available subcommands and some\nconcept guides. See 'git help <command>' or 'git help <concept>'\nto read about a specific subcommand or concept.\nSee 'git help git' for an overview of the system.\n""
[0m09:12:56.575696 [debug] [MainThread]: STDERR: "b''"
[0m09:12:56.576042 [info ] [MainThread]:  - git [[32mOK found[0m]

[0m09:12:56.576355 [info ] [MainThread]: Connection:
[0m09:12:56.576650 [info ] [MainThread]:   host: localhost
[0m09:12:56.576897 [info ] [MainThread]:   port: 5432
[0m09:12:56.577128 [info ] [MainThread]:   user: analytics
[0m09:12:56.577367 [info ] [MainThread]:   database: analytics
[0m09:12:56.577603 [info ] [MainThread]:   schema: analytics
[0m09:12:56.577829 [info ] [MainThread]:   connect_timeout: 10
[0m09:12:56.578066 [info ] [MainThread]:   role: None
[0m09:12:56.578289 [info ] [MainThread]:   search_path: None
[0m09:12:56.578515 [info ] [MainThread]:   keepalives_idle: 0
[0m09:12:56.578734 [info ] [MainThread]:   sslmode: None
[0m09:12:56.578959 [info ] [MainThread]:   sslcert: None
[0m09:12:56.579200 [info ] [MainThread]:   sslkey: None
[0m09:12:56.579441 [info ] [MainThread]:   sslrootcert: None
[0m09:12:56.579672 [info ] [MainThread]:   application_name: dbt
[0m09:12:56.579889 [info ] [MainThread]:   retries: 1
[0m09:12:56.580418 [info ] [MainThread]: Registered adapter: postgres=1.9.1
[0m09:12:56.689809 [debug] [MainThread]: Acquiring new postgres connection 'debug'
[0m09:12:56.731488 [debug] [MainThread]: Using postgres connection "debug"
[0m09:12:56.731881 [debug] [MainThread]: On debug: select 1 as id
[0m09:12:56.732188 [debug] [MainThread]: Opening a new connection, currently in state init
[0m09:12:56.894963 [debug] [MainThread]: SQL status: SELECT 1 in 0.163 seconds
[0m09:12:56.896046 [debug] [MainThread]: On debug: Close
[0m09:12:56.896438 [info ] [MainThread]:   Connection test: [[32mOK connection ok[0m]

[0m09:12:56.896854 [info ] [MainThread]: [32mAll checks passed![0m
[0m09:12:56.900103 [debug] [MainThread]: Resource report: {"command_name": "debug", "command_success": true, "command_wall_clock_time": 0.60972375, "process_in_blocks": "0", "process_kernel_time": 0.289488, "process_mem_max_rss": "117735424", "process_out_blocks": "0", "process_user_time": 1.494184}
[0m09:12:56.900684 [debug] [MainThread]: Command `dbt debug` succeeded at 09:12:56.900571 after 0.61 seconds
[0m09:12:56.900991 [debug] [MainThread]: Connection 'debug' was properly closed.
[0m09:12:56.901321 [debug] [MainThread]: Sending event: {'category': 'dbt', 'action': 'invocation', 'label': 'end', 'context': [<snowplow_tracker.self_describing_json.SelfDescribingJson object at 0x109801910>, <snowplow_tracker.self_describing_json.SelfDescribingJson object at 0x1092190a0>, <snowplow_tracker.self_describing_json.SelfDescribingJson object at 0x1092b18b0>]}
[0m09:12:56.901698 [debug] [MainThread]: Flushing usage events
[0m09:12:59.742026 [debug] [MainThread]: An error was encountered while trying to flush usage events
[0m07:22:47.871225 [debug] [MainThread]: Sending event: {'category': 'dbt', 'action': 'invocation', 'label': 'start', 'context': [<snowplow_tracker.self_describing_json.SelfDescribingJson object at 0x106f82f90>, <snowplow_tracker.self_describing_json.SelfDescribingJson object at 0x119d2a3f0>, <snowplow_tracker.self_describing_json.SelfDescribingJson object at 0x119d2a0f0>]}


============================== 07:22:47.875422 | 5402757f-c234-4515-844c-7c27a9692349 ==============================
[0m07:22:47.875422 [info ] [MainThread]: Running with dbt=1.10.11
[0m07:22:47.876063 [debug] [MainThread]: running dbt with arguments {'no_print': 'None', 'use_experimental_parser': 'False', 'warn_error': 'None', 'partial_parse': 'True', 'use_colors': 'True', 'debug': 'False', 'printer_width': '80', 'target_path': 'None', 'version_check': 'True', 'invocation_command': 'dbt ', 'introspect': 'True', 'cache_selected_only': 'False', 'profiles_dir': '/Users/matveynelipa/Desktop/IT/Freelance/Marketing_Hub', 'log_cache_events': 'False', 'write_json': 'True', 'log_format': 'default', 'warn_error_options': 'WarnErrorOptionsV2(error=[], warn=[], silence=[])', 'quiet': 'False', 'send_anonymous_usage_stats': 'True', 'empty': 'None', 'fail_fast': 'False', 'log_path': '/Users/matveynelipa/Desktop/IT/Freelance/Marketing_Hub/logs', 'static_parser': 'True', 'indirect_selection': 'eager'}
[0m07:22:47.986020 [debug] [MainThread]: Sending event: {'category': 'dbt', 'action': 'project_id', 'label': '5402757f-c234-4515-844c-7c27a9692349', 'context': [<snowplow_tracker.self_describing_json.SelfDescribingJson object at 0x10709c4d0>]}
[0m07:22:48.005466 [info ] [MainThread]: Warning: No packages were found in packages.yml
[0m07:22:48.006309 [info ] [MainThread]: Warning: No packages were found in packages.yml
[0m07:22:48.009364 [debug] [MainThread]: Resource report: {"command_name": "deps", "command_success": true, "command_wall_clock_time": 0.21165317, "process_in_blocks": "0", "process_kernel_time": 0.236153, "process_mem_max_rss": "109281280", "process_out_blocks": "0", "process_user_time": 1.693623}
[0m07:22:48.009921 [debug] [MainThread]: Command `cli deps` succeeded at 07:22:48.009834 after 0.21 seconds
[0m07:22:48.010271 [debug] [MainThread]: Sending event: {'category': 'dbt', 'action': 'invocation', 'label': 'end', 'context': [<snowplow_tracker.self_describing_json.SelfDescribingJson object at 0x119d29f40>, <snowplow_tracker.self_describing_json.SelfDescribingJson object at 0x119d2a180>, <snowplow_tracker.self_describing_json.SelfDescribingJson object at 0x119d2a120>]}
[0m07:22:48.010613 [debug] [MainThread]: Flushing usage events
[0m07:22:49.795969 [debug] [MainThread]: An error was encountered while trying to flush usage events
